<?xml version="1.0" encoding="UTF-8"?>
<!-- Generated by org.testng.reporters.JUnitReportReporter -->
<testsuite hostname="HtcGanesh-PC" failures="0" tests="1" name="functionality.F" time="492.062" errors="0" timestamp="2022-01-24T11:38:38 IST" skipped="0">
  <testcase classname="functionality.F" name="itime" time="492.062"/>
  <system-out/>
</testsuite> <!-- functionality.F -->
